09-24-2017 @ 23:46:08 - Error: Please enter your card details to make a payment. Developers: Please make sure that you are including jQuery and there are no JavaScript errors on the page.
09-24-2017 @ 23:52:33 - Error: Please enter your card details to make a payment. Developers: Please make sure that you are including jQuery and there are no JavaScript errors on the page.
09-25-2017 @ 01:49:41 - Error: Please enter your card details to make a payment. Developers: Please make sure that you are including jQuery and there are no JavaScript errors on the page.
09-25-2017 @ 06:39:35 - Error: Please enter your card details to make a payment. Developers: Please make sure that you are including jQuery and there are no JavaScript errors on the page.
09-25-2017 @ 06:43:26 - Error: Please enter your card details to make a payment. Developers: Please make sure that you are including jQuery and there are no JavaScript errors on the page.
09-25-2017 @ 06:43:31 - Error: Please enter your card details to make a payment. Developers: Please make sure that you are including jQuery and there are no JavaScript errors on the page.
09-25-2017 @ 06:50:16 - Error: Please enter your card details to make a payment. Developers: Please make sure that you are including jQuery and there are no JavaScript errors on the page.
09-25-2017 @ 06:50:22 - Error: Please enter your card details to make a payment. Developers: Please make sure that you are including jQuery and there are no JavaScript errors on the page.
09-25-2017 @ 06:50:44 - Error: Please enter your card details to make a payment. Developers: Please make sure that you are including jQuery and there are no JavaScript errors on the page.
09-25-2017 @ 06:56:46 - Error: Please enter your card details to make a payment. Developers: Please make sure that you are including jQuery and there are no JavaScript errors on the page.
09-25-2017 @ 06:57:11 - Error: Please enter your card details to make a payment. Developers: Please make sure that you are including jQuery and there are no JavaScript errors on the page.
09-25-2017 @ 08:19:01 - Error: Please enter your card details to make a payment. Developers: Please make sure that you are including jQuery and there are no JavaScript errors on the page.
09-25-2017 @ 19:55:26 - Error: Please enter your card details to make a payment. Developers: Please make sure that you are including jQuery and there are no JavaScript errors on the page.
09-25-2017 @ 19:55:40 - Error: Please enter your card details to make a payment. Developers: Please make sure that you are including jQuery and there are no JavaScript errors on the page.
09-25-2017 @ 19:55:55 - Error: Please enter your card details to make a payment. Developers: Please make sure that you are including jQuery and there are no JavaScript errors on the page.
09-25-2017 @ 19:56:00 - Error: Please enter your card details to make a payment. Developers: Please make sure that you are including jQuery and there are no JavaScript errors on the page.
09-25-2017 @ 19:56:18 - Error: Please enter your card details to make a payment. Developers: Please make sure that you are including jQuery and there are no JavaScript errors on the page.
09-25-2017 @ 19:57:42 - Error: Please enter your card details to make a payment. Developers: Please make sure that you are including jQuery and there are no JavaScript errors on the page.
09-25-2017 @ 19:59:05 - Error: Please enter your card details to make a payment. Developers: Please make sure that you are including jQuery and there are no JavaScript errors on the page.
09-25-2017 @ 20:03:23 - Error: Please enter your card details to make a payment. Developers: Please make sure that you are including jQuery and there are no JavaScript errors on the page.
09-25-2017 @ 20:04:42 - Error: Please enter your card details to make a payment. Developers: Please make sure that you are including jQuery and there are no JavaScript errors on the page.
09-25-2017 @ 20:18:06 - Error: Please enter your card details to make a payment. Developers: Please make sure that you are including jQuery and there are no JavaScript errors on the page.
09-25-2017 @ 20:21:49 - Error: Please enter your card details to make a payment. Developers: Please make sure that you are including jQuery and there are no JavaScript errors on the page.
09-25-2017 @ 20:22:03 - Error: Please enter your card details to make a payment. Developers: Please make sure that you are including jQuery and there are no JavaScript errors on the page.
09-25-2017 @ 20:38:30 - Error: Please enter your card details to make a payment. Developers: Please make sure that you are including jQuery and there are no JavaScript errors on the page.
09-25-2017 @ 20:39:37 - Error: Please enter your card details to make a payment. Developers: Please make sure that you are including jQuery and there are no JavaScript errors on the page.
09-25-2017 @ 20:42:04 - Error: Please enter your card details to make a payment. Developers: Please make sure that you are including jQuery and there are no JavaScript errors on the page.
09-25-2017 @ 20:42:54 - Error: Please enter your card details to make a payment. Developers: Please make sure that you are including jQuery and there are no JavaScript errors on the page.
09-25-2017 @ 20:43:02 - Error: Please enter your card details to make a payment. Developers: Please make sure that you are including jQuery and there are no JavaScript errors on the page.
09-25-2017 @ 20:48:39 - Error: Please enter your card details to make a payment. Developers: Please make sure that you are including jQuery and there are no JavaScript errors on the page.
09-25-2017 @ 20:48:50 - Error: Please enter your card details to make a payment. Developers: Please make sure that you are including jQuery and there are no JavaScript errors on the page.
09-25-2017 @ 21:07:36 - Error: Please enter your card details to make a payment. Developers: Please make sure that you are including jQuery and there are no JavaScript errors on the page.
09-25-2017 @ 21:07:41 - Error: Please enter your card details to make a payment. Developers: Please make sure that you are including jQuery and there are no JavaScript errors on the page.
09-25-2017 @ 21:10:31 - Error: Please enter your card details to make a payment. Developers: Please make sure that you are including jQuery and there are no JavaScript errors on the page.
09-25-2017 @ 21:10:44 - Error: Please enter your card details to make a payment. Developers: Please make sure that you are including jQuery and there are no JavaScript errors on the page.
09-25-2017 @ 21:11:34 - Error: Please enter your card details to make a payment. Developers: Please make sure that you are including jQuery and there are no JavaScript errors on the page.
09-25-2017 @ 21:12:47 - Error: Please enter your card details to make a payment. Developers: Please make sure that you are including jQuery and there are no JavaScript errors on the page.
09-25-2017 @ 21:13:40 - Error: Please enter your card details to make a payment. Developers: Please make sure that you are including jQuery and there are no JavaScript errors on the page.
09-25-2017 @ 21:17:33 - Error: Please enter your card details to make a payment. Developers: Please make sure that you are including jQuery and there are no JavaScript errors on the page.
09-25-2017 @ 21:17:34 - Error: Please enter your card details to make a payment. Developers: Please make sure that you are including jQuery and there are no JavaScript errors on the page.
09-25-2017 @ 21:17:41 - Error: Please enter your card details to make a payment. Developers: Please make sure that you are including jQuery and there are no JavaScript errors on the page.
09-25-2017 @ 21:18:06 - Error: Please enter your card details to make a payment. Developers: Please make sure that you are including jQuery and there are no JavaScript errors on the page.
09-25-2017 @ 21:18:13 - Error: Please enter your card details to make a payment. Developers: Please make sure that you are including jQuery and there are no JavaScript errors on the page.
09-25-2017 @ 21:18:47 - Error: Please enter your card details to make a payment. Developers: Please make sure that you are including jQuery and there are no JavaScript errors on the page.
09-25-2017 @ 21:23:04 - Error: Please enter your card details to make a payment. Developers: Please make sure that you are including jQuery and there are no JavaScript errors on the page.
09-25-2017 @ 21:23:09 - Error: Please enter your card details to make a payment. Developers: Please make sure that you are including jQuery and there are no JavaScript errors on the page.
09-25-2017 @ 21:25:26 - Error: Please enter your card details to make a payment. Developers: Please make sure that you are including jQuery and there are no JavaScript errors on the page.
09-25-2017 @ 21:25:37 - Error: Please enter your card details to make a payment. Developers: Please make sure that you are including jQuery and there are no JavaScript errors on the page.
09-25-2017 @ 21:27:32 - Error: Please enter your card details to make a payment. Developers: Please make sure that you are including jQuery and there are no JavaScript errors on the page.
09-25-2017 @ 21:27:37 - Error: Please enter your card details to make a payment. Developers: Please make sure that you are including jQuery and there are no JavaScript errors on the page.
09-25-2017 @ 21:30:53 - Error: Please enter your card details to make a payment. Developers: Please make sure that you are including jQuery and there are no JavaScript errors on the page.
09-25-2017 @ 21:31:13 - Error: Please enter your card details to make a payment. Developers: Please make sure that you are including jQuery and there are no JavaScript errors on the page.
09-25-2017 @ 21:31:18 - Error: Please enter your card details to make a payment. Developers: Please make sure that you are including jQuery and there are no JavaScript errors on the page.
09-25-2017 @ 21:31:22 - Error: Please enter your card details to make a payment. Developers: Please make sure that you are including jQuery and there are no JavaScript errors on the page.
09-25-2017 @ 21:31:39 - Error: Please enter your card details to make a payment. Developers: Please make sure that you are including jQuery and there are no JavaScript errors on the page.
09-25-2017 @ 21:31:42 - Error: Please enter your card details to make a payment. Developers: Please make sure that you are including jQuery and there are no JavaScript errors on the page.
09-25-2017 @ 21:31:45 - Error: Please enter your card details to make a payment. Developers: Please make sure that you are including jQuery and there are no JavaScript errors on the page.
09-25-2017 @ 21:51:32 - Error: Please enter your card details to make a payment. Developers: Please make sure that you are including jQuery and there are no JavaScript errors on the page.
09-25-2017 @ 21:52:52 - Error: Please enter your card details to make a payment. Developers: Please make sure that you are including jQuery and there are no JavaScript errors on the page.
09-25-2017 @ 21:53:37 - Error: Please enter your card details to make a payment. Developers: Please make sure that you are including jQuery and there are no JavaScript errors on the page.
09-25-2017 @ 21:53:42 - Error: Please enter your card details to make a payment. Developers: Please make sure that you are including jQuery and there are no JavaScript errors on the page.
09-25-2017 @ 21:54:12 - Error: Please enter your card details to make a payment. Developers: Please make sure that you are including jQuery and there are no JavaScript errors on the page.
09-25-2017 @ 21:56:02 - Error: Please enter your card details to make a payment. Developers: Please make sure that you are including jQuery and there are no JavaScript errors on the page.
09-25-2017 @ 21:56:06 - Error: Please enter your card details to make a payment. Developers: Please make sure that you are including jQuery and there are no JavaScript errors on the page.
09-25-2017 @ 21:56:16 - Error: Please enter your card details to make a payment. Developers: Please make sure that you are including jQuery and there are no JavaScript errors on the page.
09-25-2017 @ 22:23:41 - Error: Please enter your card details to make a payment. Developers: Please make sure that you are including jQuery and there are no JavaScript errors on the page.
09-25-2017 @ 22:24:33 - Error: Please enter your card details to make a payment. Developers: Please make sure that you are including jQuery and there are no JavaScript errors on the page.
09-25-2017 @ 22:26:46 - Error: Please enter your card details to make a payment. Developers: Please make sure that you are including jQuery and there are no JavaScript errors on the page.
09-25-2017 @ 22:28:01 - Error: Please enter your card details to make a payment. Developers: Please make sure that you are including jQuery and there are no JavaScript errors on the page.
09-25-2017 @ 22:28:28 - Error: Please enter your card details to make a payment. Developers: Please make sure that you are including jQuery and there are no JavaScript errors on the page.
09-25-2017 @ 22:32:05 - Error: Please enter your card details to make a payment. Developers: Please make sure that you are including jQuery and there are no JavaScript errors on the page.
09-25-2017 @ 22:32:27 - Error: Please enter your card details to make a payment. Developers: Please make sure that you are including jQuery and there are no JavaScript errors on the page.
09-25-2017 @ 22:34:02 - Error: Please enter your card details to make a payment. Developers: Please make sure that you are including jQuery and there are no JavaScript errors on the page.
09-25-2017 @ 22:34:20 - Error: Please enter your card details to make a payment. Developers: Please make sure that you are including jQuery and there are no JavaScript errors on the page.
09-25-2017 @ 22:34:33 - Error: Please enter your card details to make a payment. Developers: Please make sure that you are including jQuery and there are no JavaScript errors on the page.
09-25-2017 @ 22:34:39 - Error: Please enter your card details to make a payment. Developers: Please make sure that you are including jQuery and there are no JavaScript errors on the page.
09-25-2017 @ 22:42:50 - Error: Please enter your card details to make a payment. Developers: Please make sure that you are including jQuery and there are no JavaScript errors on the page.
09-25-2017 @ 22:45:56 - Error: Please enter your card details to make a payment. Developers: Please make sure that you are including jQuery and there are no JavaScript errors on the page.
09-25-2017 @ 22:46:09 - Error: Please enter your card details to make a payment. Developers: Please make sure that you are including jQuery and there are no JavaScript errors on the page.
09-25-2017 @ 22:46:25 - Error: Please enter your card details to make a payment. Developers: Please make sure that you are including jQuery and there are no JavaScript errors on the page.
09-25-2017 @ 22:55:36 - Error: Please enter your card details to make a payment. Developers: Please make sure that you are including jQuery and there are no JavaScript errors on the page.
09-25-2017 @ 22:55:46 - Error: Please enter your card details to make a payment. Developers: Please make sure that you are including jQuery and there are no JavaScript errors on the page.
09-25-2017 @ 22:57:32 - Error: Please enter your card details to make a payment. Developers: Please make sure that you are including jQuery and there are no JavaScript errors on the page.
09-25-2017 @ 22:57:42 - Error: Please enter your card details to make a payment. Developers: Please make sure that you are including jQuery and there are no JavaScript errors on the page.
09-25-2017 @ 23:00:14 - Error: Please enter your card details to make a payment. Developers: Please make sure that you are including jQuery and there are no JavaScript errors on the page.
09-25-2017 @ 23:02:06 - Error: Please enter your card details to make a payment. Developers: Please make sure that you are including jQuery and there are no JavaScript errors on the page.
09-25-2017 @ 23:02:10 - Error: Please enter your card details to make a payment. Developers: Please make sure that you are including jQuery and there are no JavaScript errors on the page.
09-25-2017 @ 23:03:02 - Error: Please enter your card details to make a payment. Developers: Please make sure that you are including jQuery and there are no JavaScript errors on the page.
09-25-2017 @ 23:04:54 - Error: Please enter your card details to make a payment. Developers: Please make sure that you are including jQuery and there are no JavaScript errors on the page.
09-25-2017 @ 23:06:01 - Error: Please enter your card details to make a payment. Developers: Please make sure that you are including jQuery and there are no JavaScript errors on the page.
09-25-2017 @ 23:06:06 - Error: Please enter your card details to make a payment. Developers: Please make sure that you are including jQuery and there are no JavaScript errors on the page.
09-25-2017 @ 23:07:14 - Error: Please enter your card details to make a payment. Developers: Please make sure that you are including jQuery and there are no JavaScript errors on the page.
09-25-2017 @ 23:08:11 - Error: Please enter your card details to make a payment. Developers: Please make sure that you are including jQuery and there are no JavaScript errors on the page.
09-25-2017 @ 23:08:21 - Error: Please enter your card details to make a payment. Developers: Please make sure that you are including jQuery and there are no JavaScript errors on the page.
09-25-2017 @ 23:10:44 - Error: Please enter your card details to make a payment. Developers: Please make sure that you are including jQuery and there are no JavaScript errors on the page.
09-25-2017 @ 23:12:19 - Error: Please enter your card details to make a payment. Developers: Please make sure that you are including jQuery and there are no JavaScript errors on the page.
09-25-2017 @ 23:12:26 - Error: Please enter your card details to make a payment. Developers: Please make sure that you are including jQuery and there are no JavaScript errors on the page.
09-25-2017 @ 23:14:28 - Error: Please enter your card details to make a payment. Developers: Please make sure that you are including jQuery and there are no JavaScript errors on the page.
09-25-2017 @ 23:14:58 - Error: Please enter your card details to make a payment. Developers: Please make sure that you are including jQuery and there are no JavaScript errors on the page.
09-25-2017 @ 23:15:07 - Error: Please enter your card details to make a payment. Developers: Please make sure that you are including jQuery and there are no JavaScript errors on the page.
09-25-2017 @ 23:15:18 - Error: Please enter your card details to make a payment. Developers: Please make sure that you are including jQuery and there are no JavaScript errors on the page.
09-25-2017 @ 23:20:12 - Error: Please enter your card details to make a payment. Developers: Please make sure that you are including jQuery and there are no JavaScript errors on the page.
09-25-2017 @ 23:21:20 - Error: Please enter your card details to make a payment. Developers: Please make sure that you are including jQuery and there are no JavaScript errors on the page.
09-25-2017 @ 23:23:50 - Error: Please enter your card details to make a payment. Developers: Please make sure that you are including jQuery and there are no JavaScript errors on the page.
09-26-2017 @ 04:51:35 - Error: Please enter your card details to make a payment. Developers: Please make sure that you are including jQuery and there are no JavaScript errors on the page.
09-27-2017 @ 05:47:43 - payment_scripts called in xendit
09-27-2017 @ 05:47:47 - payment_scripts called in xendit
09-27-2017 @ 05:48:03 - process_payment called in Xendit
09-27-2017 @ 05:48:03 - get_source called in Xendit
09-27-2017 @ 05:48:03 - save_source called in Xendit
09-27-2017 @ 05:49:02 - payment_scripts called in xendit
09-27-2017 @ 05:49:14 - process_payment called in Xendit
09-27-2017 @ 05:49:14 - get_source called in Xendit
09-27-2017 @ 05:49:14 - save_source called in Xendit
